<?xml version="1.0" encoding="UTF-8"?>
<!-- Generated by org.testng.reporters.JUnitReportReporter -->
<testsuite skipped="0" hostname="RGGYSLT-0639" name="bookingOtaVR.GoogleStarrating" tests="1" failures="0" timestamp="2020-09-11T12:04:08 IST" time="289.310" errors="0">
  <testcase name="TestData" time="289.310" classname="bookingOtaVR.GoogleStarrating"/>
  <system-out/>
</testsuite> <!-- bookingOtaVR.GoogleStarrating -->
