<?xml version="1.0" encoding="UTF-8"?>
<!-- Generated by org.testng.reporters.JUnitReportReporter -->
<testsuite skipped="0" hostname="RGGYSLT-0639" name="bookingVRTest.BookingVRTest" tests="1" failures="0" timestamp="2020-05-17T17:15:05 IST" time="5.388" errors="0">
  <testcase name="TestData" time="5.388" classname="bookingVRTest.BookingVRTest"/>
  <system-out/>
</testsuite> <!-- bookingVRTest.BookingVRTest -->
