<?xml version="1.0" encoding="UTF-8"?>
<!-- Generated by org.testng.reporters.JUnitReportReporter -->
<testsuite skipped="0" hostname="RGGYSLT-0639" name="bookingOtaVR.AgodaMappingByAgodaURL" tests="1" failures="0" timestamp="2020-06-05T19:36:16 IST" time="1347.718" errors="0">
  <testcase name="TestData" time="1347.718" classname="bookingOtaVR.AgodaMappingByAgodaURL"/>
  <system-out/>
</testsuite> <!-- bookingOtaVR.AgodaMappingByAgodaURL -->
