<?xml version="1.0" encoding="UTF-8"?>
<!-- Generated by org.testng.reporters.JUnitReportReporter -->
<testsuite skipped="0" hostname="RGGYSLT-0639" name="bookingOtaVR.MidatlanticNewWebsiteByURLMapping" tests="1" failures="0" timestamp="2020-06-10T11:41:51 IST" time="234.174" errors="0">
  <testcase name="TestData" time="234.174" classname="bookingOtaVR.MidatlanticNewWebsiteByURLMapping"/>
  <system-out/>
</testsuite> <!-- bookingOtaVR.MidatlanticNewWebsiteByURLMapping -->
