<?xml version="1.0" encoding="UTF-8"?>
<!-- Generated by org.testng.reporters.JUnitReportReporter -->
<testsuite hostname="RGGYSLT-0639" failures="0" tests="1" name="bookingOtaVR.BookingVR2" time="2526.483" errors="0" timestamp="2022-12-27T11:24:31 IST" skipped="0">
  <testcase classname="bookingOtaVR.BookingVR2" name="TestData" time="2526.483"/>
  <system-out/>
</testsuite> <!-- bookingOtaVR.BookingVR2 -->
