<?xml version="1.0" encoding="UTF-8"?>
<!-- Generated by org.testng.reporters.JUnitReportReporter -->
<testsuite skipped="0" hostname="RGGYSLT-0639" name="bookingOtaVR.OTA_MytourByLink" tests="1" failures="0" timestamp="2020-07-25T22:14:30 IST" time="2831.384" errors="0">
  <testcase name="TestData" time="2831.384" classname="bookingOtaVR.OTA_MytourByLink"/>
  <system-out/>
</testsuite> <!-- bookingOtaVR.OTA_MytourByLink -->
