<?xml version="1.0" encoding="UTF-8"?>
<!-- Generated by org.testng.reporters.JUnitReportReporter -->
<testsuite hostname="RGGYSLT-0639" failures="0" tests="1" name="attendence_ess.Gmail_login" time="10.742" errors="0" timestamp="2022-05-11T17:47:40 IST" skipped="0">
  <testcase classname="attendence_ess.Gmail_login" name="attendence" time="10.742"/>
  <system-out/>
</testsuite> <!-- attendence_ess.Gmail_login -->
