<?xml version="1.0" encoding="UTF-8"?>
<!-- Generated by org.testng.reporters.JUnitReportReporter -->
<testsuite skipped="0" hostname="RGGYSLT-0639" name="bookingOtaVR.OTA_Mytour" tests="1" failures="0" timestamp="2020-07-25T12:52:07 IST" time="19.419" errors="0">
  <testcase name="TestData2" time="19.419" classname="bookingOtaVR.OTA_Mytour"/>
  <system-out/>
</testsuite> <!-- bookingOtaVR.OTA_Mytour -->
