<?xml version="1.0" encoding="UTF-8"?>
<!-- Generated by org.testng.reporters.JUnitReportReporter -->
<testsuite hostname="RGGYSLT-0525" failures="0" tests="1" name="bookingOtaVR.Google_Expedia_Booking_Makemytrip" time="7824.629" errors="0" timestamp="2022-12-13T22:56:05 IST" skipped="0">
  <testcase classname="bookingOtaVR.Google_Expedia_Booking_Makemytrip" name="TestData" time="7824.629"/>
  <system-out/>
</testsuite> <!-- bookingOtaVR.Google_Expedia_Booking_Makemytrip -->
