<?xml version="1.0" encoding="UTF-8"?>
<!-- Generated by org.testng.reporters.JUnitReportReporter -->
<testsuite hostname="RGGYSLT-0639" failures="0" tests="1" name="bookingFileOperations.ReadWrite_Excel" time="0.763" errors="0" timestamp="2022-05-15T12:27:53 IST" skipped="0">
  <testcase classname="bookingFileOperations.ReadWrite_Excel" name="readData" time="0.763"/>
  <system-out/>
</testsuite> <!-- bookingFileOperations.ReadWrite_Excel -->
