<?xml version="1.0" encoding="UTF-8"?>
<!-- Generated by org.testng.reporters.JUnitReportReporter -->
<testsuite skipped="0" hostname="RGGYSLT-0639" name="bookingOtaVR.Ebay" tests="1" failures="0" timestamp="2020-08-17T20:00:02 IST" time="2325.271" errors="0">
  <testcase name="TestData" time="2325.271" classname="bookingOtaVR.Ebay"/>
  <system-out/>
</testsuite> <!-- bookingOtaVR.Ebay -->
