<?xml version="1.0" encoding="UTF-8"?>
<!-- Generated by org.testng.reporters.JUnitReportReporter -->
<testsuite skipped="0" hostname="RGGYSLT-0639" name="bookingOtaVR.Despegar_hotelwise" tests="1" failures="0" timestamp="2020-10-18T21:22:13 IST" time="1300.490" errors="0">
  <testcase name="TestData" time="1300.490" classname="bookingOtaVR.Despegar_hotelwise"/>
  <system-out/>
</testsuite> <!-- bookingOtaVR.Despegar_hotelwise -->
