<?xml version="1.0" encoding="UTF-8"?>
<!-- Generated by org.testng.reporters.JUnitReportReporter -->
<testsuite skipped="0" hostname="RGGYSLT-0639" name="bookingOtaVR.Ctrip_Citywise" tests="1" failures="0" timestamp="2020-07-30T10:02:47 IST" time="19.845" errors="0">
  <testcase name="TestData" time="19.845" classname="bookingOtaVR.Ctrip_Citywise"/>
  <system-out/>
</testsuite> <!-- bookingOtaVR.Ctrip_Citywise -->
