<?xml version="1.0" encoding="UTF-8"?>
<!-- Generated by org.testng.reporters.JUnitReportReporter -->
<testsuite hostname="RGGYSLT-0639" failures="0" tests="1" name="bookingOtaVR.PGh_Expedia2" time="2152.903" errors="0" timestamp="2022-12-30T20:20:07 IST" skipped="0">
  <testcase classname="bookingOtaVR.PGh_Expedia2" name="TestData" time="2152.903"/>
  <system-out/>
</testsuite> <!-- bookingOtaVR.PGh_Expedia2 -->
