<?xml version="1.0" encoding="UTF-8"?>
<!-- Generated by org.testng.reporters.JUnitReportReporter -->
<testsuite skipped="0" hostname="RGGYSLT-0639" name="bookingOtaVR.MidatlanticNewWebsite" tests="1" failures="0" timestamp="2020-06-10T11:34:17 IST" time="1059.839" errors="0">
  <testcase name="TestData" time="1059.839" classname="bookingOtaVR.MidatlanticNewWebsite"/>
  <system-out/>
</testsuite> <!-- bookingOtaVR.MidatlanticNewWebsite -->
