<?xml version="1.0" encoding="UTF-8"?>
<!-- Generated by org.testng.reporters.JUnitReportReporter -->
<testsuite hostname="RGGYSLT-0525" failures="0" tests="1" name="Booking_OTA.Booking_cw" time="4934.845" errors="0" timestamp="2022-07-30T15:07:35 IST" skipped="0">
  <testcase classname="Booking_OTA.Booking_cw" name="BookingAutomation" time="4934.845"/>
  <system-out/>
</testsuite> <!-- Booking_OTA.Booking_cw -->
