<?xml version="1.0" encoding="UTF-8"?>
<!-- Generated by org.testng.reporters.JUnitReportReporter -->
<testsuite hostname="RGGYSLT-0525" failures="0" tests="1" name="bookingOtaVR.BookingVR2" time="23598.158" errors="0" timestamp="2022-12-26T05:00:36 IST" skipped="0">
  <testcase classname="bookingOtaVR.BookingVR2" name="TestData" time="23598.158"/>
  <system-out/>
</testsuite> <!-- bookingOtaVR.BookingVR2 -->
