<?xml version="1.0" encoding="UTF-8"?>
<!-- Generated by org.testng.reporters.JUnitReportReporter -->
<testsuite skipped="0" hostname="RGGYSLT-0639" name="bookingOtaVR.OTA_PegiPegi_CityWiseBot" tests="1" failures="0" timestamp="2020-07-24T16:09:05 IST" time="294.427" errors="0">
  <testcase name="TestData" time="294.427" classname="bookingOtaVR.OTA_PegiPegi_CityWiseBot"/>
  <system-out/>
</testsuite> <!-- bookingOtaVR.OTA_PegiPegi_CityWiseBot -->
