<?xml version="1.0" encoding="UTF-8"?>
<!-- Generated by org.testng.reporters.JUnitReportReporter -->
<testsuite hostname="RGGYSLT-0639" failures="0" tests="1" name="bookingOtaVR.BookingVR2" time="12658.609" errors="0" timestamp="2022-12-28T21:52:48 IST" skipped="0">
  <testcase classname="bookingOtaVR.BookingVR2" name="TestData" time="12658.609"/>
  <system-out/>
</testsuite> <!-- bookingOtaVR.BookingVR2 -->
