<?xml version="1.0" encoding="UTF-8"?>
<!-- Generated by org.testng.reporters.JUnitReportReporter -->
<testsuite skipped="0" hostname="RGGYSLT-0639" name="bookingOtaVR.GoogleAgodaByLink" tests="1" failures="0" timestamp="2020-06-05T18:32:11 IST" time="271.694" errors="0">
  <testcase name="TestData" time="271.694" classname="bookingOtaVR.GoogleAgodaByLink"/>
  <system-out/>
</testsuite> <!-- bookingOtaVR.GoogleAgodaByLink -->
