<?xml version="1.0" encoding="UTF-8"?>
<!-- Generated by org.testng.reporters.JUnitReportReporter -->
<testsuite hostname="RGGYSLT-0639" failures="0" tests="1" name="bookingOtaVR.OTA_ExpediaClose" time="3213.573" errors="0" timestamp="2022-12-30T20:39:35 IST" skipped="0">
  <testcase classname="bookingOtaVR.OTA_ExpediaClose" name="TestData" time="3213.573"/>
  <system-out/>
</testsuite> <!-- bookingOtaVR.OTA_ExpediaClose -->
