<?xml version="1.0" encoding="UTF-8"?>
<!-- Generated by org.testng.reporters.JUnitReportReporter -->
<testsuite hostname="RGGYSLT-0639" failures="0" tests="1" name="bookingOtaVR.Agoda_cities_link" time="17.751" errors="0" timestamp="2022-04-18T19:32:54 IST" skipped="0">
  <testcase classname="bookingOtaVR.Agoda_cities_link" name="TestData" time="17.751"/>
  <system-out/>
</testsuite> <!-- bookingOtaVR.Agoda_cities_link -->
