<?xml version="1.0" encoding="UTF-8"?>
<!-- Generated by org.testng.reporters.JUnitReportReporter -->
<testsuite hostname="RGGYSLT-0639" failures="0" tests="1" name="bookingOtaVR.Wiki_Countries_cities" time="1479.992" errors="0" timestamp="2022-06-10T23:37:32 IST" skipped="0">
  <testcase classname="bookingOtaVR.Wiki_Countries_cities" name="TestData" time="1479.992"/>
  <system-out/>
</testsuite> <!-- bookingOtaVR.Wiki_Countries_cities -->
