<?xml version="1.0" encoding="UTF-8"?>
<!-- Generated by org.testng.reporters.JUnitReportReporter -->
<testsuite skipped="0" hostname="RGGYSLT-0639" name="bookingOtaVR.OTA_PegiPegi_Hotelwise" tests="1" failures="0" timestamp="2020-07-24T16:24:24 IST" time="675.017" errors="0">
  <testcase name="TestData" time="675.017" classname="bookingOtaVR.OTA_PegiPegi_Hotelwise"/>
  <system-out/>
</testsuite> <!-- bookingOtaVR.OTA_PegiPegi_Hotelwise -->
