<?xml version="1.0" encoding="UTF-8"?>
<!-- Generated by org.testng.reporters.JUnitReportReporter -->
<testsuite hostname="RGGYSLT-0525" failures="0" tests="1" name="bookingOtaVR.GoogleBot" time="5532.247" errors="0" timestamp="2022-11-28T14:17:03 IST" skipped="0">
  <testcase classname="bookingOtaVR.GoogleBot" name="TestData" time="5532.247"/>
  <system-out/>
</testsuite> <!-- bookingOtaVR.GoogleBot -->
